[11:36:08] Using gulpfile ~/dashboard/hygieia/UI/gulpfile.js
[11:36:08] Starting 'build'...
[11:36:08] Starting 'clean'...
[11:36:08] Finished 'clean' after 317 ms
[11:36:08] Starting 'assets'...
[11:36:08] Starting 'themes'...
[11:36:08] Starting 'fonts'...
[11:36:08] Starting 'js'...
[11:36:08] Starting 'views'...
[11:36:08] Starting 'test-data'...
[11:36:15] Finished 'themes' after 6.86 s
[11:36:15] Finished 'assets' after 6.87 s
[11:36:15] Finished 'test-data' after 7.18 s
[11:36:15] Finished 'views' after 7.18 s
[11:36:15] Finished 'js' after 7.25 s
[11:36:16] Finished 'fonts' after 7.66 s
[11:36:16] Starting 'html'...
[11:36:16] gulp-inject 1 files into index.html.
[11:36:16] gulp-inject 155 files into index.html.
[11:36:16] Finished 'html' after 309 ms
[11:36:16] Finished 'build' after 8.32 s
[11:36:16] Starting 'serve'...
[11:36:16] Finished 'serve' after 139 ms
[BS] Local URL: http://localhost:3000
[BS] External URL: http://10.133.135.22:3000
[BS] Serving files from: dist/
